app/build/intermediates/manifest_merge_blame_file/debug/manifest-merger-blame-debug-report.txt
1<?xml version="1.0" encoding="utf-8"?>
2<manifest xmlns:android="http://schemas.android.com/apk/res/android"
3    package="com.serenegiant.libcommon"
4    android:versionCode="280"
5    android:versionName="6.8.9" >
6
7    <uses-sdk
8        android:minSdkVersion="16"
8-->src\main\AndroidManifest.xml
9        android:targetSdkVersion="28" />
9-->src\main\AndroidManifest.xml
10
11    <uses-feature
11-->src\main\AndroidManifest.xml:7:2-74
12        android:glEsVersion="0x00020000"
12-->src\main\AndroidManifest.xml:7:16-48
13        android:required="true" />
13-->src\main\AndroidManifest.xml:7:49-72
14    <uses-feature
14-->src\main\AndroidManifest.xml:8:2-83
15        android:name="android.hardware.usb.host"
15-->src\main\AndroidManifest.xml:8:16-56
16        android:required="false" />
16-->src\main\AndroidManifest.xml:8:57-81
17    <uses-feature
17-->src\main\AndroidManifest.xml:9:2-82
18        android:name="android.hardware.camera"
18-->src\main\AndroidManifest.xml:9:16-54
19        android:required="false" />
19-->src\main\AndroidManifest.xml:9:55-79
20
21    <uses-permission android:name="android.permission.CHANGE_NETWORK_STATE" />
21-->src\main\AndroidManifest.xml:11:2-75
21-->src\main\AndroidManifest.xml:11:19-73
22    <uses-permission android:name="android.permission.INTERNET" />
22-->src\main\AndroidManifest.xml:12:2-63
22-->src\main\AndroidManifest.xml:12:19-61
23    <uses-permission android:name="android.permission.ACCESS_NETWORK_STATE" />
23-->src\main\AndroidManifest.xml:13:2-75
23-->src\main\AndroidManifest.xml:13:19-73
24    <uses-permission android:name="android.permission.ACCESS_WIFI_STATE" />
24-->src\main\AndroidManifest.xml:14:2-72
24-->src\main\AndroidManifest.xml:14:19-70
25    <uses-permission android:name="android.permission.RECORD_AUDIO" />
25-->src\main\AndroidManifest.xml:16:2-67
25-->src\main\AndroidManifest.xml:16:19-65
26    <uses-permission android:name="android.permission.CAMERA" />
26-->src\main\AndroidManifest.xml:17:2-61
26-->src\main\AndroidManifest.xml:17:19-59
27    <uses-permission android:name="android.permission.WRITE_EXTERNAL_STORAGE" />
27-->src\main\AndroidManifest.xml:18:2-77
27-->src\main\AndroidManifest.xml:18:19-75
28
29    <application
29-->src\main\AndroidManifest.xml:20:2-33:16
30        android:allowBackup="true"
30-->src\main\AndroidManifest.xml:21:3-29
31        android:appComponentFactory="androidx.core.app.CoreComponentFactory"
31-->[androidx.core:core:1.1.0] AndroidManifest.xml:24:18-86
32        android:debuggable="true"
33        android:icon="@mipmap/ic_launcher"
33-->src\main\AndroidManifest.xml:22:3-37
34        android:label="@string/app_name"
34-->src\main\AndroidManifest.xml:23:3-35
35        android:supportsRtl="true"
35-->src\main\AndroidManifest.xml:24:3-29
36        android:theme="@style/AppTheme" >
36-->src\main\AndroidManifest.xml:25:3-34
37        <activity android:name="com.serenegiant.libcommon.MainActivity" >
37-->src\main\AndroidManifest.xml:27:3-32:14
37-->src\main\AndroidManifest.xml:27:13-41
38            <intent-filter>
38-->src\main\AndroidManifest.xml:28:4-31:20
39                <action android:name="android.intent.action.MAIN" />
39-->src\main\AndroidManifest.xml:29:5-56
39-->src\main\AndroidManifest.xml:29:13-54
40
41                <category android:name="android.intent.category.LAUNCHER" />
41-->src\main\AndroidManifest.xml:30:5-64
41-->src\main\AndroidManifest.xml:30:15-62
42            </intent-filter>
43        </activity>
44
45        <provider
45-->[androidx.lifecycle:lifecycle-process:2.1.0] AndroidManifest.xml:23:9-27:43
46            android:name="androidx.lifecycle.ProcessLifecycleOwnerInitializer"
46-->[androidx.lifecycle:lifecycle-process:2.1.0] AndroidManifest.xml:24:13-79
47            android:authorities="com.serenegiant.libcommon.lifecycle-process"
47-->[androidx.lifecycle:lifecycle-process:2.1.0] AndroidManifest.xml:25:13-69
48            android:exported="false"
48-->[androidx.lifecycle:lifecycle-process:2.1.0] AndroidManifest.xml:26:13-37
49            android:multiprocess="true" />
49-->[androidx.lifecycle:lifecycle-process:2.1.0] AndroidManifest.xml:27:13-40
50    </application>
51
52</manifest>